2026-02-13T11:55:56.880Z	Initializing build environment...
2026-02-13T11:55:58.404Z	Success: Finished initializing build environment
2026-02-13T11:55:58.767Z	Cloning repository...
2026-02-13T11:55:59.707Z	Detected the following tools from environment: npm@10.9.2, nodejs@22.16.0
2026-02-13T11:55:59.709Z	Restoring from dependencies cache
2026-02-13T11:55:59.710Z	Restoring from build output cache
2026-02-13T11:55:59.802Z	Installing project dependencies: npm clean-install --progress=false
2026-02-13T11:56:03.850Z	npm warn deprecated node-domexception@1.0.0: Use your platform's native DOMException instead
2026-02-13T11:56:05.095Z	npm warn deprecated glob@9.3.5: Old versions of glob are not supported, and contain widely publicized security vulnerabilities, which have been fixed in the current version. Please update. Support for old versions may be purchased (at exorbitant rates) by contacting i@izs.me
2026-02-13T11:56:14.784Z	
2026-02-13T11:56:14.784Z	added 380 packages, and audited 381 packages in 15s
2026-02-13T11:56:14.785Z	
2026-02-13T11:56:14.785Z	71 packages are looking for funding
2026-02-13T11:56:14.785Z	  run `npm fund` for details
2026-02-13T11:56:14.836Z	
2026-02-13T11:56:14.838Z	2 vulnerabilities (1 low, 1 critical)
2026-02-13T11:56:14.838Z	
2026-02-13T11:56:14.838Z	To address all issues, run:
2026-02-13T11:56:14.838Z	  npm audit fix
2026-02-13T11:56:14.838Z	
2026-02-13T11:56:14.838Z	Run `npm audit` for details.
2026-02-13T11:56:15.097Z	Executing user build command: npm run build
2026-02-13T11:56:15.380Z	
2026-02-13T11:56:15.380Z	> binharry-website@0.1.0 build
2026-02-13T11:56:15.381Z	> next build
2026-02-13T11:56:15.381Z	
2026-02-13T11:56:15.929Z	⚠ No build cache found. Please configure build caching for faster rebuilds. Read more: https://nextjs.org/docs/messages/no-cache
2026-02-13T11:56:15.932Z	Attention: Next.js now collects completely anonymous telemetry regarding usage.
2026-02-13T11:56:15.932Z	This information is used to shape Next.js' roadmap and prioritize features.
2026-02-13T11:56:15.932Z	You can learn more, including how to opt-out if you'd not like to participate in this anonymous program, by visiting the following URL:
2026-02-13T11:56:15.933Z	https://nextjs.org/telemetry
2026-02-13T11:56:15.933Z	
2026-02-13T11:56:16.028Z	   ▲ Next.js 15.1.12
2026-02-13T11:56:16.029Z	
2026-02-13T11:56:16.041Z	   Creating an optimized production build ...
2026-02-13T11:56:23.666Z	 ✓ Compiled successfully
2026-02-13T11:56:23.670Z	   Linting and checking validity of types ...
2026-02-13T11:56:27.813Z	Failed to compile.
2026-02-13T11:56:27.814Z	
2026-02-13T11:56:27.815Z	./src/components/admin/AdminUsers.tsx:36:54
2026-02-13T11:56:27.815Z	Type error: Type 'boolean' is not assignable to type 'undefined'.
2026-02-13T11:56:27.815Z	
2026-02-13T11:56:27.815Z	  34 |   const handleToggleActive = async (user: User) => {
2026-02-13T11:56:27.816Z	  35 |     const newActive = user.is_active === 0;
2026-02-13T11:56:27.816Z	> 36 |     const response = await api.updateUser(user.id, { is_active: newActive });
2026-02-13T11:56:27.816Z	     |                                                      ^
2026-02-13T11:56:27.816Z	  37 |     if (response.success) {
2026-02-13T11:56:27.816Z	  38 |       setUsers((prev) =>
2026-02-13T11:56:27.816Z	  39 |         prev.map((u) => (u.id === user.id ? { ...u, is_active: newActive ? 1 : 0 } : u))
2026-02-13T11:56:27.849Z	Next.js build worker exited with code: 1 and signal: null
2026-02-13T11:56:27.871Z	Failed: error occurred while running build command